<?xml version="1.0" encoding="UTF-8"?>
<!-- Generated by org.testng.reporters.JUnitReportReporter -->
<testsuite skipped="0" hostname="DESKTOP-QN1NF34" name="purushartha.testcases.AddCustomerTest" tests="1" failures="0" timestamp="04 Aug 2020 13:54:24 GMT" time="0.821" errors="0">
  <testcase name="addCustomer" time="0.821" classname="purushartha.testcases.AddCustomerTest"/>
</testsuite> <!-- purushartha.testcases.AddCustomerTest -->
