<?xml version="1.0" encoding="UTF-8"?>
<!-- Generated by org.testng.reporters.JUnitReportReporter -->
<testsuite skipped="0" hostname="DESKTOP-QN1NF34" name="purushartha.testcases.LoginTest" tests="1" failures="0" timestamp="27 Jul 2020 10:18:31 GMT" time="0.376" errors="0">
  <testcase name="loginAsBankManager" time="0.376" classname="purushartha.testcases.LoginTest"/>
</testsuite> <!-- purushartha.testcases.LoginTest -->
