<?xml version="1.0" encoding="UTF-8"?>
<!-- Generated by org.testng.reporters.JUnitReportReporter -->
<testsuite skipped="0" hostname="DESKTOP-QN1NF34" name="purushartha.testcases.BankManagerLoginTest" tests="1" failures="0" timestamp="04 Aug 2020 13:54:24 GMT" time="0.337" errors="0">
  <testcase name="loginAsBankManager" time="0.337" classname="purushartha.testcases.BankManagerLoginTest"/>
</testsuite> <!-- purushartha.testcases.BankManagerLoginTest -->
