<?xml version="1.0" encoding="UTF-8"?>
<!-- Generated by org.testng.reporters.JUnitReportReporter -->
<testsuite hostname="DESKTOP-QN1NF34" failures="0" tests="1" name="purushartha.testcases.OpenAccountTest" time="2.903" errors="0" timestamp="29 Aug 2020 11:17:19 GMT" skipped="0">
  <testcase classname="purushartha.testcases.OpenAccountTest" name="openAccountTest" time="2.903"/>
</testsuite> <!-- purushartha.testcases.OpenAccountTest -->
