<?xml version="1.0" encoding="UTF-8"?>
<!-- Generated by org.testng.reporters.JUnitReportReporter -->
<testsuite hostname="DESKTOP-QN1NF34" failures="0" tests="4" name="purushartha.testcases.AddCustomerTest" time="18.004" errors="0" timestamp="29 Aug 2020 11:17:19 GMT" skipped="0">
  <testcase classname="purushartha.testcases.AddCustomerTest" name="addCustomerTest" time="4.371"/>
  <testcase classname="purushartha.testcases.AddCustomerTest" name="addCustomerTest" time="4.413"/>
  <testcase classname="purushartha.testcases.AddCustomerTest" name="addCustomerTest" time="4.377"/>
  <testcase classname="purushartha.testcases.AddCustomerTest" name="addCustomerTest" time="4.843"/>
</testsuite> <!-- purushartha.testcases.AddCustomerTest -->
